<?xml version="1.0" encoding="UTF-8"?>
<testsuite xmlns:xsi="http://www.w3.org/2001/XMLSchema-instance" xsi:noNamespaceSchemaLocation="https://maven.apache.org/surefire/maven-surefire-plugin/xsd/surefire-test-report-3.0.xsd" version="3.0" name="Generation.org.CalculatorTest" time="0.051" tests="5" errors="0" skipped="0" failures="0">
  <properties>
[...]
</properties>
  <testcase name="divideTest" classname="Generation.org.CalculatorTest" time="0.022"/>
  <testcase name="addTest" classname="Generation.org.CalculatorTest" time="0.001"/>
  <testcase name="divideByZeroTest" classname="Generation.org.CalculatorTest" time="0.001"/>
  <testcase name="multiplyTest" classname="Generation.org.CalculatorTest" time="0.001"/>
  <testcase name="subtractTest" classname="Generation.org.CalculatorTest" time="0.0"/>
</testsuite>